[running at reduced cpu priority]
 Date: Wednesday, December 23 2020, at 17:04:52 Türkiye Standart Saati
 Glide version 71014
 mmshare version        34014
 Copyright (c) Schrodinger, LLC.
 All Rights Reserved.

 Windows Host: AEvrimE
 Job Name: glide-dock_XP_4EHA_KUP_2e
 JobId:    AEvrimE-0-5fe34e7d
 SCHRODINGER  directory: D:\Schrodinger2016-2
 GLIDE_EXEC  directory: D:\Schrodinger2016-2\glide-v7.1\bin\Windows-x64
 MMSHARE_EXEC directory: D:\Schrodinger2016-2\mmshare-v3.4\bin\Windows-x64
 VdW radii of ligand atoms scaled by   0.800000000000000     
 Charge cutoff for polarity   0.150000000000000     
 After readscreen, (nx, ny, nz) = (          28 ,           28 ,           28 ).
  Receptor setup: (nsites, nx, ny, nz, bsize)=(         125 ,           28 , 
          28 ,           28 ,    1.00000000000000      ).
 Screening setup finished.
 DOCKMAIN: getting receptor.
  DOCKMAIN after grid: (nx, ny, nz) = (          72 ,           72 , 
          72 ).
 DOCKMAIN: Grid setup finished
Calling OPLS_2005 atomtyping ...
Finished parameter assignment
  
  Penalizing non-planar amide torsions 
  
 Number of rotatable bonds            6
 Using templates for ring conformations.
Glide Extra Precision Mode active.

GlideScore version XP5.0 will be used

  
 Buried polar penalty      0.000
 Coulomb vdW cutoff        0.000
 H bond cutoff             0.000
 Metal-ligand cutoff      10.000
Assigning GlideScore XP5.0 parameters
For Glide Extra Precision mode, will use maxref = 800
 Use grow mode-p
  
Full force-field refinement in receptor field for up to   10 poses
    5 poses will be postminimized for this ligand
Reporting original pose   4 GlideScore =     -4.425
GlideScore(   -4.42)+Epik State Penalty(    0.16) =    -4.26 kcal/mol
DOCKING RESULTS FOR LIGAND        1 (KUP8_2e)
Best XP pose:     2;  GlideScore =     -4.42 Emodel =    -57.56 E =    -40.35 Eint =     3.71
Calling OPLS_2005 atomtyping ...
Finished parameter assignment
 Number of rotatable bonds            6
 Using templates for ring conformations.
Glide Extra Precision Mode active.
For Glide Extra Precision mode, will use maxref = 800
 Use grow mode-p
  
    4 poses will be postminimized for this ligand
Reporting original pose   3 GlideScore =     -2.023
GlideScore(   -2.02)+Epik State Penalty(    1.09) =    -0.93 kcal/mol
DOCKING RESULTS FOR LIGAND        2 (KUP8_2e)
Best XP pose:    16;  GlideScore =     -2.02 Emodel =    -53.36 E =    -37.10 Eint =     1.03
GLIDE WARNING: The above ligand had one or more atoms outside the grid box during energy evaluation or minimization.
Calling OPLS_2005 atomtyping ...
Finished parameter assignment
 Number of rotatable bonds            6
 Using templates for ring conformations.
Glide Extra Precision Mode active.
For Glide Extra Precision mode, will use maxref = 800
 Use grow mode-p
  
    6 poses will be postminimized for this ligand
Reporting original pose   4 GlideScore =     -3.088
GlideScore(   -3.09)+Epik State Penalty(    1.52) =    -1.57 kcal/mol
DOCKING RESULTS FOR LIGAND        3 (KUP8_2e)
Best XP pose:     4;  GlideScore =     -3.09 Emodel =    -53.74 E =    -38.55 Eint =    11.07
Calling OPLS_2005 atomtyping ...
Finished parameter assignment
 Number of rotatable bonds            6
 Using templates for ring conformations.
GLIDE WARNING: SKIPPING LIGAND: no metals in active site, structure generated by Epik requires metal binding.
SKIP LIG        4 (KUP8_2e): INVALID ATOM(S), ETC.
Glide Extra Precision Mode active.
For Glide Extra Precision mode, will use maxref = 800
GLIDE WARNING: Ligand skipped, invalid atom(s), etc.

Glide is executing the glide_sort command.
Command-line equivalent is:
 "D:\Schrodinger2016-2\utilities\glide_sort" -n 0 -o "glide-dock_XP_4EHA_KUP_2e_pv.maegz"    -hbond_cut 0.00 -cvdw_cut 0.00 -metal_cut 10.00 -gscore_cut 100.00 "glide-dock_XP_4EHA_KUP_2e_raw.maegz"
REPORT OF BEST 3 POSES

The receptor and sorted ligand structures were written to the file
glide-dock_XP_4EHA_KUP_2e_pv.maegz  for use in the Pose Viewer.

Final rankings based on original docking score
0 poses were rejected by the energy filters,
    Coul+vdw Energy <=     0.0    Hbond Interaction <=     0.0    Metal Interaction <=    10.0    GlideScore <=   100.0
(If any of the above properties is not defined for a given pose,
the corresponding filter is not applied to that pose.)


glide_sort command succeeded.  Pose file glide-dock_XP_4EHA_KUP_2e_pv.maegz was written.

Exiting Glide
Date: Wednesday, December 23 2020, at 17:09:35 Türkiye Standart Saati
CPU time (s): 279.6 user, 2.8 system, 283.7 real
Total elapsed time = 284 seconds (4 minutes, 44 seconds)
